2019-06-24 00:00:25,871 - root - INFO - open /Users/zhy/github/UItestframework/data/testdata/LoginTestcase.xlsx success
2019-06-24 00:00:25,872 - root - INFO - ############################### START ###############################
2019-06-24 00:00:27,780 - root - INFO - SUCCESS    Start a new browser: chrome, Spend 1.908045768737793 seconds
2019-06-24 00:00:27,915 - root - INFO - SUCCESS    Set browser window maximized, Spend 0.13414597511291504 seconds
2019-06-24 00:00:28,742 - root - INFO - SUCCESS    Navigated to http://101.132.45.246:9696/#/login, Spend 0.8252730369567871 seconds
2019-06-24 00:00:28,923 - root - INFO - SUCCESS    Clear and type element: <xpath->//div//input[@type="text"]> content: zhanghaoyu, Spend 0.18024086952209473 seconds
2019-06-24 00:00:29,046 - root - INFO - SUCCESS    Clear and type element: <xpath->//div//input[@placeholder="请输入密码"]> content: Zhy3382155, Spend 0.12248706817626953 seconds
2019-06-24 00:00:29,123 - root - INFO - SUCCESS    Clicked element: <xpath->//button//span[text()="登录"]>, Spend 0.0765070915222168 seconds
2019-06-24 00:00:31,649 - root - INFO - SUCCESS    Get the current window screenshot,path: /Users/zhy/github/UItestframework/report/image/20190624/000031.png, Spend 0.49941205978393555 seconds
2019-06-24 00:00:31,650 - root - DEBUG - asdasd
2019-06-24 00:00:31,731 - root - INFO - SUCCESS    Closed all window and quit the driver, Spend 0.07941389083862305 seconds
2019-06-24 00:00:31,731 - root - INFO - ###############################  End  ###############################
2019-06-24 00:00:31,733 - root - INFO - ############################### START ###############################
2019-06-24 00:00:33,622 - root - INFO - SUCCESS    Start a new browser: chrome, Spend 1.8878846168518066 seconds
2019-06-24 00:00:33,762 - root - INFO - SUCCESS    Set browser window maximized, Spend 0.1366569995880127 seconds
2019-06-24 00:00:34,643 - root - INFO - SUCCESS    Navigated to http://101.132.45.246:9696/#/login, Spend 0.869351863861084 seconds
2019-06-24 00:00:34,837 - root - INFO - SUCCESS    Clear and type element: <xpath->//div//input[@type="text"]> content: zhanghaoyu1, Spend 0.1935889720916748 seconds
2019-06-24 00:00:34,960 - root - INFO - SUCCESS    Clear and type element: <xpath->//div//input[@placeholder="请输入密码"]> content: Zhy33821551, Spend 0.1225278377532959 seconds
2019-06-24 00:00:35,026 - root - INFO - SUCCESS    Clicked element: <xpath->//button//span[text()="登录"]>, Spend 0.06575727462768555 seconds
2019-06-24 00:00:42,154 - root - ERROR - No such element found xpath->//button[@class="el-button el-button--icon icon-button el-button--default is-round"] Message: Element: xpath->//button[@class="el-button el-button--icon icon-button el-button--default is-round"] not found in 5 seconds.

2019-06-24 00:00:42,803 - root - INFO - SUCCESS    Get the current window screenshot,path: /Users/zhy/github/UItestframework/report/image/20190624/000042.png, Spend 0.6479530334472656 seconds
2019-06-24 00:00:42,803 - root - DEBUG - asdasd
2019-06-24 00:00:42,879 - root - INFO - SUCCESS    Closed all window and quit the driver, Spend 0.07496190071105957 seconds
2019-06-24 00:00:42,880 - root - INFO - ###############################  End  ###############################
2019-06-24 00:01:22,854 - root - INFO - open /Users/zhy/github/UItestframework/data/testdata/LoginTestcase.xlsx success
2019-06-24 00:01:22,855 - root - INFO - ############################### START ###############################
2019-06-24 00:01:24,747 - root - INFO - SUCCESS    Start a new browser: chrome, Spend 1.891221046447754 seconds
2019-06-24 00:01:24,867 - root - INFO - SUCCESS    Set browser window maximized, Spend 0.11923599243164062 seconds
2019-06-24 00:01:25,754 - root - INFO - SUCCESS    Navigated to http://101.132.45.246:9696/#/login, Spend 0.8847789764404297 seconds
2019-06-24 00:01:25,938 - root - INFO - SUCCESS    Clear and type element: <xpath->//div//input[@type="text"]> content: zhanghaoyu, Spend 0.18396973609924316 seconds
2019-06-24 00:01:26,056 - root - INFO - SUCCESS    Clear and type element: <xpath->//div//input[@placeholder="请输入密码"]> content: Zhy3382155, Spend 0.11722278594970703 seconds
2019-06-24 00:01:26,133 - root - INFO - SUCCESS    Clicked element: <xpath->//button//span[text()="登录"]>, Spend 0.07657217979431152 seconds
2019-06-24 00:01:28,671 - root - INFO - SUCCESS    Get the current window screenshot,path: /Users/zhy/github/UItestframework/report/image/20190624/000128.png, Spend 0.5143840312957764 seconds
2019-06-24 00:01:28,672 - root - DEBUG - asdasd
2019-06-24 00:01:28,752 - root - INFO - SUCCESS    Closed all window and quit the driver, Spend 0.07977771759033203 seconds
2019-06-24 00:01:28,753 - root - INFO - ###############################  End  ###############################
2019-06-24 00:01:28,753 - root - INFO - ############################### START ###############################
2019-06-24 00:01:30,628 - root - INFO - SUCCESS    Start a new browser: chrome, Spend 1.8744008541107178 seconds
2019-06-24 00:01:30,774 - root - INFO - SUCCESS    Set browser window maximized, Spend 0.14495110511779785 seconds
2019-06-24 00:01:31,652 - root - INFO - SUCCESS    Navigated to http://101.132.45.246:9696/#/login, Spend 0.8764128684997559 seconds
2019-06-24 00:01:31,850 - root - INFO - SUCCESS    Clear and type element: <xpath->//div//input[@type="text"]> content: zhanghaoyu1, Spend 0.19695830345153809 seconds
2019-06-24 00:01:31,973 - root - INFO - SUCCESS    Clear and type element: <xpath->//div//input[@placeholder="请输入密码"]> content: Zhy33821551, Spend 0.12340903282165527 seconds
2019-06-24 00:01:32,060 - root - INFO - SUCCESS    Clicked element: <xpath->//button//span[text()="登录"]>, Spend 0.08574700355529785 seconds
2019-06-24 00:01:39,199 - root - ERROR - No such element found xpath->//button[@class="el-button el-button--icon icon-button el-button--default is-round"] Message: Element: xpath->//button[@class="el-button el-button--icon icon-button el-button--default is-round"] not found in 5 seconds.

2019-06-24 00:01:39,858 - root - INFO - SUCCESS    Get the current window screenshot,path: /Users/zhy/github/UItestframework/report/image/20190624/000139.png, Spend 0.6580989360809326 seconds
2019-06-24 00:01:39,859 - root - DEBUG - asdasd
2019-06-24 00:01:39,931 - root - INFO - SUCCESS    Closed all window and quit the driver, Spend 0.07236504554748535 seconds
2019-06-24 00:01:39,932 - root - INFO - ###############################  End  ###############################
2019-06-24 00:03:29,293 - root - INFO - open /Users/zhy/github/UItestframework/data/testdata/LoginTestcase.xlsx success
2019-06-24 00:03:29,294 - root - INFO - ############################### START ###############################
2019-06-24 00:03:31,196 - root - INFO - SUCCESS    Start a new browser: chrome, Spend 1.9018399715423584 seconds
2019-06-24 00:03:31,335 - root - INFO - SUCCESS    Set browser window maximized, Spend 0.1346297264099121 seconds
2019-06-24 00:03:32,200 - root - INFO - SUCCESS    Navigated to http://101.132.45.246:9696/#/login, Spend 0.851701021194458 seconds
2019-06-24 00:03:32,386 - root - INFO - SUCCESS    Clear and type element: <xpath->//div//input[@type="text"]> content: zhanghaoyu, Spend 0.18538641929626465 seconds
2019-06-24 00:03:32,510 - root - INFO - SUCCESS    Clear and type element: <xpath->//div//input[@placeholder="请输入密码"]> content: Zhy3382155, Spend 0.1233370304107666 seconds
2019-06-24 00:03:32,578 - root - INFO - SUCCESS    Clicked element: <xpath->//button//span[text()="登录"]>, Spend 0.06777119636535645 seconds
2019-06-24 00:03:35,109 - root - INFO - SUCCESS    Get the current window screenshot,path: /Users/zhy/github/UItestframework/report/image/20190624/000334.png, Spend 0.5025131702423096 seconds
2019-06-24 00:03:35,109 - root - DEBUG - asdasd
2019-06-24 00:03:35,188 - root - INFO - SUCCESS    Closed all window and quit the driver, Spend 0.07865476608276367 seconds
2019-06-24 00:03:35,189 - root - INFO - ###############################  End  ###############################
2019-06-24 00:03:35,191 - root - INFO - ############################### START ###############################
2019-06-24 00:03:37,087 - root - INFO - SUCCESS    Start a new browser: chrome, Spend 1.8956260681152344 seconds
2019-06-24 00:03:37,221 - root - INFO - SUCCESS    Set browser window maximized, Spend 0.13273286819458008 seconds
2019-06-24 00:03:38,065 - root - INFO - SUCCESS    Navigated to http://101.132.45.246:9696/#/login, Spend 0.8417091369628906 seconds
2019-06-24 00:03:38,260 - root - INFO - SUCCESS    Clear and type element: <xpath->//div//input[@type="text"]> content: zhanghaoyu1, Spend 0.1951448917388916 seconds
2019-06-24 00:03:38,383 - root - INFO - SUCCESS    Clear and type element: <xpath->//div//input[@placeholder="请输入密码"]> content: Zhy33821551, Spend 0.12234783172607422 seconds
2019-06-24 00:03:38,466 - root - INFO - SUCCESS    Clicked element: <xpath->//button//span[text()="登录"]>, Spend 0.08237814903259277 seconds
2019-06-24 00:03:41,154 - root - INFO - SUCCESS    Get the current window screenshot,path: /Users/zhy/github/UItestframework/report/image/20190624/000340.png, Spend 0.6687910556793213 seconds
2019-06-24 00:03:41,168 - root - DEBUG - asdasd
2019-06-24 00:03:41,243 - root - INFO - SUCCESS    Closed all window and quit the driver, Spend 0.07225584983825684 seconds
2019-06-24 00:03:41,243 - root - INFO - ###############################  End  ###############################
2019-06-24 00:05:11,926 - root - INFO - open /Users/zhy/github/UItestframework/data/testdata/LoginTestcase.xlsx success
2019-06-24 00:05:11,927 - root - INFO - ############################### START ###############################
2019-06-24 00:05:13,866 - root - INFO - SUCCESS    Start a new browser: chrome, Spend 1.9379668235778809 seconds
2019-06-24 00:05:13,992 - root - INFO - SUCCESS    Set browser window maximized, Spend 0.12613511085510254 seconds
2019-06-24 00:05:14,831 - root - INFO - SUCCESS    Navigated to http://101.132.45.246:9696/#/login, Spend 0.836961030960083 seconds
2019-06-24 00:05:15,017 - root - INFO - SUCCESS    Clear and type element: <xpath->//div//input[@type="text"]> content: zhanghaoyu, Spend 0.18540382385253906 seconds
2019-06-24 00:05:15,140 - root - INFO - SUCCESS    Clear and type element: <xpath->//div//input[@placeholder="请输入密码"]> content: Zhy3382155, Spend 0.12231779098510742 seconds
2019-06-24 00:05:15,227 - root - INFO - SUCCESS    Clicked element: <xpath->//button//span[text()="登录"]>, Spend 0.08618879318237305 seconds
2019-06-24 00:05:17,768 - root - INFO - SUCCESS    Get the current window screenshot,path: /Users/zhy/github/UItestframework/report/image/20190624/000517.png, Spend 0.5142109394073486 seconds
2019-06-24 00:05:17,768 - root - DEBUG - asdasd
2019-06-24 00:05:17,857 - root - INFO - SUCCESS    Closed all window and quit the driver, Spend 0.08762788772583008 seconds
2019-06-24 00:05:17,857 - root - INFO - ###############################  End  ###############################
2019-06-24 00:05:17,859 - root - INFO - ############################### START ###############################
2019-06-24 00:05:19,756 - root - INFO - SUCCESS    Start a new browser: chrome, Spend 1.8968167304992676 seconds
2019-06-24 00:05:19,882 - root - INFO - SUCCESS    Set browser window maximized, Spend 0.12586092948913574 seconds
2019-06-24 00:05:20,707 - root - INFO - SUCCESS    Navigated to http://101.132.45.246:9696/#/login, Spend 0.8231809139251709 seconds
2019-06-24 00:05:20,903 - root - INFO - SUCCESS    Clear and type element: <xpath->//div//input[@type="text"]> content: zhanghaoyu1, Spend 0.1949312686920166 seconds
2019-06-24 00:05:21,029 - root - INFO - SUCCESS    Clear and type element: <xpath->//div//input[@placeholder="请输入密码"]> content: Zhy33821551, Spend 0.12598276138305664 seconds
2019-06-24 00:05:21,109 - root - INFO - SUCCESS    Clicked element: <xpath->//button//span[text()="登录"]>, Spend 0.0795598030090332 seconds
2019-06-24 00:05:23,794 - root - INFO - SUCCESS    Get the current window screenshot,path: /Users/zhy/github/UItestframework/report/image/20190624/000523.png, Spend 0.6620631217956543 seconds
2019-06-24 00:05:23,794 - root - DEBUG - asdasd
2019-06-24 00:05:23,867 - root - INFO - SUCCESS    Closed all window and quit the driver, Spend 0.07146024703979492 seconds
2019-06-24 00:05:23,867 - root - INFO - ###############################  End  ###############################
2019-06-24 00:30:26,005 - root - INFO - open /Users/zhy/github/UItestframework/data/testdata/LoginTestcase.xlsx success
2019-06-24 00:30:26,006 - root - INFO - ############################### START ###############################
2019-06-24 00:30:27,901 - root - INFO - SUCCESS    Start a new browser: chrome, Spend 1.8947739601135254 seconds
2019-06-24 00:30:28,061 - root - INFO - SUCCESS    Set browser window maximized, Spend 0.15931224822998047 seconds
2019-06-24 00:30:29,315 - root - INFO - SUCCESS    Navigated to http://101.132.45.246:9696/#/login, Spend 1.2524449825286865 seconds
2019-06-24 00:30:29,500 - root - INFO - SUCCESS    Clear and type element: <xpath->//div//input[@type="text"]> content: zhanghaoyu, Spend 0.183837890625 seconds
2019-06-24 00:30:29,622 - root - INFO - SUCCESS    Clear and type element: <xpath->//div//input[@placeholder="请输入密码"]> content: Zhy3382155, Spend 0.12146496772766113 seconds
2019-06-24 00:30:29,706 - root - INFO - SUCCESS    Clicked element: <xpath->//button//span[text()="登录"]>, Spend 0.08414316177368164 seconds
2019-06-24 00:30:32,250 - root - INFO - SUCCESS    Get the current window screenshot,path: /Users/zhy/github/UItestframework/report/image/20190624/003031.png, Spend 0.5141699314117432 seconds
2019-06-24 00:30:32,250 - root - DEBUG - asdasd
2019-06-24 00:30:32,332 - root - INFO - SUCCESS    Closed all window and quit the driver, Spend 0.08065199851989746 seconds
2019-06-24 00:30:32,333 - root - INFO - ###############################  End  ###############################
2019-06-24 00:30:32,333 - root - INFO - ############################### START ###############################
2019-06-24 00:30:34,229 - root - INFO - SUCCESS    Start a new browser: chrome, Spend 1.8939259052276611 seconds
2019-06-24 00:30:34,369 - root - INFO - SUCCESS    Set browser window maximized, Spend 0.13882684707641602 seconds
2019-06-24 00:30:35,196 - root - INFO - SUCCESS    Navigated to http://101.132.45.246:9696/#/login, Spend 0.825451135635376 seconds
2019-06-24 00:30:35,410 - root - INFO - SUCCESS    Clear and type element: <xpath->//div//input[@type="text"]> content: zhanghaoyu1, Spend 0.21339201927185059 seconds
2019-06-24 00:30:35,538 - root - INFO - SUCCESS    Clear and type element: <xpath->//div//input[@placeholder="请输入密码"]> content: Zhy33821551, Spend 0.1274888515472412 seconds
2019-06-24 00:30:35,616 - root - INFO - SUCCESS    Clicked element: <xpath->//button//span[text()="登录"]>, Spend 0.07761406898498535 seconds
2019-06-24 00:30:38,293 - root - INFO - SUCCESS    Get the current window screenshot,path: /Users/zhy/github/UItestframework/report/image/20190624/003037.png, Spend 0.6542699337005615 seconds
2019-06-24 00:30:38,293 - root - DEBUG - asdasd
2019-06-24 00:30:38,368 - root - INFO - SUCCESS    Closed all window and quit the driver, Spend 0.07325291633605957 seconds
2019-06-24 00:30:38,368 - root - INFO - ###############################  End  ###############################
2019-06-24 01:05:41,785 - root - INFO - open /Users/zhy/github/UItestframework/data/testdata/LoginTestcase.xlsx success
2019-06-24 01:05:41,786 - root - INFO - ############################### START ###############################
2019-06-24 01:05:43,671 - root - INFO - SUCCESS    Start a new browser: chrome, Spend 1.8835577964782715 seconds
2019-06-24 01:05:43,845 - root - INFO - SUCCESS    Set browser window maximized, Spend 0.17408084869384766 seconds
2019-06-24 01:05:44,875 - root - INFO - SUCCESS    Navigated to http://101.132.45.246:9696/#/login, Spend 1.0277509689331055 seconds
2019-06-24 01:05:45,054 - root - INFO - SUCCESS    Clear and type element: <xpath->//div//input[@type="text"]> content: zhanghaoyu, Spend 0.17827939987182617 seconds
2019-06-24 01:05:45,175 - root - INFO - SUCCESS    Clear and type element: <xpath->//div//input[@placeholder="请输入密码"]> content: Zhy3382155, Spend 0.12070798873901367 seconds
2019-06-24 01:05:45,248 - root - INFO - SUCCESS    Clicked element: <xpath->//button//span[text()="登录"]>, Spend 0.07233691215515137 seconds
2019-06-24 01:05:47,280 - root - INFO - ############################### START ###############################
2019-06-24 01:05:49,133 - root - INFO - SUCCESS    Start a new browser: chrome, Spend 1.8523540496826172 seconds
2019-06-24 01:05:49,293 - root - INFO - SUCCESS    Set browser window maximized, Spend 0.1564009189605713 seconds
2019-06-24 01:05:50,151 - root - INFO - SUCCESS    Navigated to http://101.132.45.246:9696/#/login, Spend 0.8558249473571777 seconds
2019-06-24 01:05:50,347 - root - INFO - SUCCESS    Clear and type element: <xpath->//div//input[@type="text"]> content: zhanghaoyu1, Spend 0.19565701484680176 seconds
2019-06-24 01:05:50,468 - root - INFO - SUCCESS    Clear and type element: <xpath->//div//input[@placeholder="请输入密码"]> content: Zhy33821551, Spend 0.12074398994445801 seconds
2019-06-24 01:05:50,540 - root - INFO - SUCCESS    Clicked element: <xpath->//button//span[text()="登录"]>, Spend 0.0713050365447998 seconds
2019-06-24 01:07:17,523 - root - INFO - open /Users/zhy/github/UItestframework/data/testdata/LoginTestcase.xlsx success
2019-06-24 01:07:17,526 - root - INFO - ############################### START ###############################
2019-06-24 01:07:19,428 - root - INFO - SUCCESS    Start a new browser: chrome, Spend 1.9014232158660889 seconds
2019-06-24 01:07:19,581 - root - INFO - SUCCESS    Set browser window maximized, Spend 0.14452505111694336 seconds
2019-06-24 01:07:20,420 - root - INFO - SUCCESS    Navigated to http://101.132.45.246:9696/#/login, Spend 0.8252699375152588 seconds
2019-06-24 01:07:20,610 - root - INFO - SUCCESS    Clear and type element: <xpath->//div//input[@type="text"]> content: zhanghaoyu, Spend 0.17747211456298828 seconds
2019-06-24 01:07:20,738 - root - INFO - SUCCESS    Clear and type element: <xpath->//div//input[@placeholder="请输入密码"]> content: Zhy3382155, Spend 0.12757396697998047 seconds
2019-06-24 01:07:20,828 - root - INFO - SUCCESS    Clicked element: <xpath->//button//span[text()="登录"]>, Spend 0.08945775032043457 seconds
2019-06-24 01:07:22,943 - root - INFO - SUCCESS    Closed all window and quit the driver, Spend 0.08603310585021973 seconds
2019-06-24 01:07:22,944 - root - INFO - ###############################  End  ###############################
2019-06-24 01:07:22,946 - root - INFO - ############################### START ###############################
2019-06-24 01:07:24,860 - root - INFO - SUCCESS    Start a new browser: chrome, Spend 1.9142940044403076 seconds
2019-06-24 01:07:25,007 - root - INFO - SUCCESS    Set browser window maximized, Spend 0.14644217491149902 seconds
2019-06-24 01:07:25,885 - root - INFO - SUCCESS    Navigated to http://101.132.45.246:9696/#/login, Spend 0.8752267360687256 seconds
2019-06-24 01:07:26,103 - root - INFO - SUCCESS    Clear and type element: <xpath->//div//input[@type="text"]> content: zhanghaoyu1, Spend 0.19852066040039062 seconds
2019-06-24 01:07:26,236 - root - INFO - SUCCESS    Clear and type element: <xpath->//div//input[@placeholder="请输入密码"]> content: Zhy33821551, Spend 0.1327228546142578 seconds
2019-06-24 01:07:26,314 - root - INFO - SUCCESS    Clicked element: <xpath->//button//span[text()="登录"]>, Spend 0.0769338607788086 seconds
2019-06-24 01:11:00,691 - root - INFO - open /Users/zhy/github/UItestframework/data/testdata/LoginTestcase.xlsx success
2019-06-24 01:11:00,692 - root - INFO - ############################### START ###############################
2019-06-24 01:11:02,603 - root - INFO - SUCCESS    Start a new browser: chrome, Spend 1.9108810424804688 seconds
2019-06-24 01:11:02,741 - root - INFO - SUCCESS    Set browser window maximized, Spend 0.13686180114746094 seconds
2019-06-24 01:11:03,612 - root - INFO - SUCCESS    Navigated to http://101.132.45.246:9696/#/login, Spend 0.8688929080963135 seconds
2019-06-24 01:11:03,796 - root - INFO - SUCCESS    Clear and type element: <xpath->//div//input[@type="text"]> content: zhanghaoyu, Spend 0.18369531631469727 seconds
2019-06-24 01:11:03,916 - root - INFO - SUCCESS    Clear and type element: <xpath->//div//input[@placeholder="请输入密码"]> content: Zhy3382155, Spend 0.1191098690032959 seconds
2019-06-24 01:11:03,983 - root - INFO - SUCCESS    Clicked element: <xpath->//button//span[text()="登录"]>, Spend 0.06647610664367676 seconds
2019-06-24 01:11:06,015 - root - INFO - ############################### START ###############################
2019-06-24 01:11:07,882 - root - INFO - SUCCESS    Start a new browser: chrome, Spend 1.8660640716552734 seconds
2019-06-24 01:11:08,048 - root - INFO - SUCCESS    Set browser window maximized, Spend 0.16572189331054688 seconds
2019-06-24 01:11:08,932 - root - INFO - SUCCESS    Navigated to http://101.132.45.246:9696/#/login, Spend 0.8818647861480713 seconds
2019-06-24 01:11:09,145 - root - INFO - SUCCESS    Clear and type element: <xpath->//div//input[@type="text"]> content: zhanghaoyu1, Spend 0.19997215270996094 seconds
2019-06-24 01:11:09,268 - root - INFO - SUCCESS    Clear and type element: <xpath->//div//input[@placeholder="请输入密码"]> content: Zhy33821551, Spend 0.12236690521240234 seconds
2019-06-24 01:11:09,350 - root - INFO - SUCCESS    Clicked element: <xpath->//button//span[text()="登录"]>, Spend 0.08185291290283203 seconds
2019-06-24 01:11:24,687 - root - INFO - open /Users/zhy/github/UItestframework/data/testdata/LoginTestcase.xlsx success
2019-06-24 01:11:24,690 - root - INFO - ############################### START ###############################
2019-06-24 01:11:26,630 - root - INFO - SUCCESS    Start a new browser: chrome, Spend 1.9393620491027832 seconds
2019-06-24 01:11:26,776 - root - INFO - SUCCESS    Set browser window maximized, Spend 0.14522171020507812 seconds
2019-06-24 01:11:27,656 - root - INFO - SUCCESS    Navigated to http://101.132.45.246:9696/#/login, Spend 0.8773441314697266 seconds
2019-06-24 01:11:27,863 - root - INFO - SUCCESS    Clear and type element: <xpath->//div//input[@type="text"]> content: zhanghaoyu, Spend 0.20554018020629883 seconds
2019-06-24 01:11:28,002 - root - INFO - SUCCESS    Clear and type element: <xpath->//div//input[@placeholder="请输入密码"]> content: Zhy3382155, Spend 0.13878583908081055 seconds
2019-06-24 01:11:28,075 - root - INFO - SUCCESS    Clicked element: <xpath->//button//span[text()="登录"]>, Spend 0.07251882553100586 seconds
2019-06-24 01:11:30,186 - root - INFO - SUCCESS    Closed all window and quit the driver, Spend 0.0821230411529541 seconds
2019-06-24 01:11:30,187 - root - INFO - ###############################  End  ###############################
2019-06-24 01:11:30,189 - root - INFO - ############################### START ###############################
2019-06-24 01:11:32,074 - root - INFO - SUCCESS    Start a new browser: chrome, Spend 1.8834481239318848 seconds
2019-06-24 01:11:32,238 - root - INFO - SUCCESS    Set browser window maximized, Spend 0.16401290893554688 seconds
2019-06-24 01:11:33,127 - root - INFO - SUCCESS    Navigated to http://101.132.45.246:9696/#/login, Spend 0.8869121074676514 seconds
2019-06-24 01:11:33,323 - root - INFO - SUCCESS    Clear and type element: <xpath->//div//input[@type="text"]> content: zhanghaoyu1, Spend 0.1949787139892578 seconds
2019-06-24 01:11:33,451 - root - INFO - SUCCESS    Clear and type element: <xpath->//div//input[@placeholder="请输入密码"]> content: Zhy33821551, Spend 0.1279621124267578 seconds
2019-06-24 01:11:33,520 - root - INFO - SUCCESS    Clicked element: <xpath->//button//span[text()="登录"]>, Spend 0.06838297843933105 seconds
2019-06-24 01:12:41,936 - root - INFO - open /Users/zhy/github/UItestframework/data/testdata/LoginTestcase.xlsx success
2019-06-24 01:12:41,937 - root - INFO - ############################### START ###############################
2019-06-24 01:12:43,855 - root - INFO - SUCCESS    Start a new browser: chrome, Spend 1.9178988933563232 seconds
2019-06-24 01:12:43,997 - root - INFO - SUCCESS    Set browser window maximized, Spend 0.14122390747070312 seconds
2019-06-24 01:12:44,850 - root - INFO - SUCCESS    Navigated to http://101.132.45.246:9696/#/login, Spend 0.8508021831512451 seconds
2019-06-24 01:12:45,041 - root - INFO - SUCCESS    Clear and type element: <xpath->//div//input[@type="text"]> content: zhanghaoyu, Spend 0.18318700790405273 seconds
2019-06-24 01:12:45,161 - root - INFO - SUCCESS    Clear and type element: <xpath->//div//input[@placeholder="请输入密码"]> content: Zhy3382155, Spend 0.1195378303527832 seconds
2019-06-24 01:12:45,245 - root - INFO - SUCCESS    Clicked element: <xpath->//button//span[text()="登录"]>, Spend 0.08439779281616211 seconds
2019-06-24 01:12:47,779 - root - INFO - SUCCESS    Get the current window screenshot,path: /Users/zhy/github/UItestframework/report/image/20190624/011247156.png, Spend 0.5067000389099121 seconds
2019-06-24 01:12:47,779 - root - DEBUG - asdasd
2019-06-24 01:12:47,860 - root - INFO - SUCCESS    Closed all window and quit the driver, Spend 0.0801548957824707 seconds
2019-06-24 01:12:47,860 - root - INFO - ###############################  End  ###############################
2019-06-24 01:12:47,861 - root - INFO - ############################### START ###############################
2019-06-24 01:12:49,777 - root - INFO - SUCCESS    Start a new browser: chrome, Spend 1.914952039718628 seconds
2019-06-24 01:12:49,951 - root - INFO - SUCCESS    Set browser window maximized, Spend 0.1732158660888672 seconds
2019-06-24 01:12:50,797 - root - INFO - SUCCESS    Navigated to http://101.132.45.246:9696/#/login, Spend 0.843480110168457 seconds
2019-06-24 01:12:50,988 - root - INFO - SUCCESS    Clear and type element: <xpath->//div//input[@type="text"]> content: zhanghaoyu1, Spend 0.1901078224182129 seconds
2019-06-24 01:12:51,112 - root - INFO - SUCCESS    Clear and type element: <xpath->//div//input[@placeholder="请输入密码"]> content: Zhy33821551, Spend 0.12433528900146484 seconds
2019-06-24 01:12:51,195 - root - INFO - SUCCESS    Clicked element: <xpath->//button//span[text()="登录"]>, Spend 0.08166098594665527 seconds
2019-06-24 01:12:53,874 - root - INFO - SUCCESS    Get the current window screenshot,path: /Users/zhy/github/UItestframework/report/image/20190624/011253156.png, Spend 0.6584458351135254 seconds
2019-06-24 01:12:53,874 - root - DEBUG - asdasd
2019-06-24 01:12:53,948 - root - INFO - SUCCESS    Closed all window and quit the driver, Spend 0.07228589057922363 seconds
2019-06-24 01:12:53,949 - root - INFO - ###############################  End  ###############################
2019-06-24 01:13:07,799 - root - INFO - open /Users/zhy/github/UItestframework/data/testdata/LoginTestcase.xlsx success
2019-06-24 01:13:07,803 - root - INFO - ############################### START ###############################
2019-06-24 01:13:09,710 - root - INFO - SUCCESS    Start a new browser: chrome, Spend 1.90671706199646 seconds
2019-06-24 01:13:09,851 - root - INFO - SUCCESS    Set browser window maximized, Spend 0.140794038772583 seconds
2019-06-24 01:13:10,707 - root - INFO - SUCCESS    Navigated to http://101.132.45.246:9696/#/login, Spend 0.8529939651489258 seconds
2019-06-24 01:13:10,906 - root - INFO - SUCCESS    Clear and type element: <xpath->//div//input[@type="text"]> content: zhanghaoyu, Spend 0.18916010856628418 seconds
2019-06-24 01:13:11,031 - root - INFO - SUCCESS    Clear and type element: <xpath->//div//input[@placeholder="请输入密码"]> content: Zhy3382155, Spend 0.12470793724060059 seconds
2019-06-24 01:13:11,119 - root - INFO - SUCCESS    Clicked element: <xpath->//button//span[text()="登录"]>, Spend 0.08781909942626953 seconds
2019-06-24 01:13:13,218 - root - INFO - SUCCESS    Closed all window and quit the driver, Spend 0.07415390014648438 seconds
2019-06-24 01:13:13,219 - root - INFO - ###############################  End  ###############################
2019-06-24 01:13:13,221 - root - INFO - ############################### START ###############################
2019-06-24 01:13:15,124 - root - INFO - SUCCESS    Start a new browser: chrome, Spend 1.9020118713378906 seconds
2019-06-24 01:13:15,279 - root - INFO - SUCCESS    Set browser window maximized, Spend 0.15463018417358398 seconds
2019-06-24 01:13:16,120 - root - INFO - SUCCESS    Navigated to http://101.132.45.246:9696/#/login, Spend 0.8386759757995605 seconds
2019-06-24 01:13:16,314 - root - INFO - SUCCESS    Clear and type element: <xpath->//div//input[@type="text"]> content: zhanghaoyu1, Spend 0.1935868263244629 seconds
2019-06-24 01:13:16,440 - root - INFO - SUCCESS    Clear and type element: <xpath->//div//input[@placeholder="请输入密码"]> content: Zhy33821551, Spend 0.1247410774230957 seconds
2019-06-24 01:13:16,521 - root - INFO - SUCCESS    Clicked element: <xpath->//button//span[text()="登录"]>, Spend 0.08140110969543457 seconds
2019-06-24 01:13:19,202 - root - INFO - SUCCESS    Get the current window screenshot,path: /Users/zhy/github/UItestframework/report/image/20190624/011318156.png, Spend 0.6577620506286621 seconds
2019-06-24 01:13:19,202 - root - DEBUG - asdasd
2019-06-24 01:13:19,283 - root - INFO - SUCCESS    Closed all window and quit the driver, Spend 0.07929491996765137 seconds
2019-06-24 01:13:19,283 - root - INFO - ###############################  End  ###############################
2019-06-24 01:15:06,715 - root - INFO - open /Users/zhy/github/UItestframework/data/testdata/LoginTestcase.xlsx success
2019-06-24 01:15:06,716 - root - INFO - ############################### START ###############################
2019-06-24 01:15:08,596 - root - INFO - SUCCESS    Start a new browser: chrome, Spend 1.879737138748169 seconds
2019-06-24 01:15:08,768 - root - INFO - SUCCESS    Set browser window maximized, Spend 0.17093777656555176 seconds
2019-06-24 01:15:09,589 - root - INFO - SUCCESS    Navigated to http://101.132.45.246:9696/#/login, Spend 0.8195416927337646 seconds
2019-06-24 01:15:09,798 - root - INFO - SUCCESS    Clear and type element: <xpath->//div//input[@type="text"]> content: zhanghaoyu, Spend 0.20412278175354004 seconds
2019-06-24 01:15:09,923 - root - INFO - SUCCESS    Clear and type element: <xpath->//div//input[@placeholder="请输入密码"]> content: Zhy3382155, Spend 0.12405705451965332 seconds
2019-06-24 01:15:09,992 - root - INFO - SUCCESS    Clicked element: <xpath->//button//span[text()="登录"]>, Spend 0.06873607635498047 seconds
2019-06-24 01:15:12,519 - root - INFO - SUCCESS    Get the current window screenshot,path: /Users/zhy/github/UItestframework/report/image/20190624/011512.156.png, Spend 0.4959862232208252 seconds
2019-06-24 01:15:12,519 - root - DEBUG - asdasd
2019-06-24 01:15:12,594 - root - INFO - SUCCESS    Closed all window and quit the driver, Spend 0.07450652122497559 seconds
2019-06-24 01:15:12,595 - root - INFO - ###############################  End  ###############################
2019-06-24 01:15:12,595 - root - INFO - ############################### START ###############################
2019-06-24 01:15:14,472 - root - INFO - SUCCESS    Start a new browser: chrome, Spend 1.875641107559204 seconds
2019-06-24 01:15:14,645 - root - INFO - SUCCESS    Set browser window maximized, Spend 0.17275500297546387 seconds
2019-06-24 01:15:15,527 - root - INFO - SUCCESS    Navigated to http://101.132.45.246:9696/#/login, Spend 0.8794448375701904 seconds
2019-06-24 01:15:15,724 - root - INFO - SUCCESS    Clear and type element: <xpath->//div//input[@type="text"]> content: zhanghaoyu1, Spend 0.19702386856079102 seconds
2019-06-24 01:15:15,845 - root - INFO - SUCCESS    Clear and type element: <xpath->//div//input[@placeholder="请输入密码"]> content: Zhy33821551, Spend 0.12049412727355957 seconds
2019-06-24 01:15:15,919 - root - INFO - SUCCESS    Clicked element: <xpath->//button//span[text()="登录"]>, Spend 0.07388496398925781 seconds
2019-06-24 01:15:18,602 - root - INFO - SUCCESS    Get the current window screenshot,path: /Users/zhy/github/UItestframework/report/image/20190624/011517.156.png, Spend 0.6613969802856445 seconds
2019-06-24 01:15:18,602 - root - DEBUG - asdasd
2019-06-24 01:15:18,685 - root - INFO - SUCCESS    Closed all window and quit the driver, Spend 0.08202695846557617 seconds
2019-06-24 01:15:18,687 - root - INFO - ###############################  End  ###############################
2019-06-24 01:18:05,415 - root - INFO - open /Users/zhy/github/UItestframework/data/testdata/LoginTestcase.xlsx success
2019-06-24 01:18:05,416 - root - INFO - ############################### START ###############################
2019-06-24 01:18:07,314 - root - INFO - SUCCESS    Start a new browser: chrome, Spend 1.8977069854736328 seconds
2019-06-24 01:18:07,462 - root - INFO - SUCCESS    Set browser window maximized, Spend 0.14466404914855957 seconds
2019-06-24 01:18:08,314 - root - INFO - SUCCESS    Navigated to http://101.132.45.246:9696/#/login, Spend 0.8411977291107178 seconds
2019-06-24 01:18:08,501 - root - INFO - SUCCESS    Clear and type element: <xpath->//div//input[@type="text"]> content: zhanghaoyu, Spend 0.18163204193115234 seconds
2019-06-24 01:18:08,622 - root - INFO - SUCCESS    Clear and type element: <xpath->//div//input[@placeholder="请输入密码"]> content: Zhy3382155, Spend 0.12045025825500488 seconds
2019-06-24 01:18:08,702 - root - INFO - SUCCESS    Clicked element: <xpath->//button//span[text()="登录"]>, Spend 0.07952690124511719 seconds
2019-06-24 01:18:11,234 - root - INFO - SUCCESS    Get the current window screenshot,path: /Users/zhy/github/UItestframework/report/image/20190624/011810.156.png, Spend 0.5021500587463379 seconds
2019-06-24 01:18:11,235 - root - DEBUG - asdasd
2019-06-24 01:18:11,317 - root - INFO - SUCCESS    Closed all window and quit the driver, Spend 0.08144307136535645 seconds
2019-06-24 01:18:11,317 - root - INFO - ###############################  End  ###############################
2019-06-24 01:18:11,318 - root - INFO - ############################### START ###############################
2019-06-24 01:18:13,217 - root - INFO - SUCCESS    Start a new browser: chrome, Spend 1.8984770774841309 seconds
2019-06-24 01:18:13,370 - root - INFO - SUCCESS    Set browser window maximized, Spend 0.15230107307434082 seconds
2019-06-24 01:18:14,224 - root - INFO - SUCCESS    Navigated to http://101.132.45.246:9696/#/login, Spend 0.8524682521820068 seconds
2019-06-24 01:18:14,425 - root - INFO - SUCCESS    Clear and type element: <xpath->//div//input[@type="text"]> content: zhanghaoyu1, Spend 0.19469404220581055 seconds
2019-06-24 01:18:14,545 - root - INFO - SUCCESS    Clear and type element: <xpath->//div//input[@placeholder="请输入密码"]> content: Zhy33821551, Spend 0.11931300163269043 seconds
2019-06-24 01:18:14,631 - root - INFO - SUCCESS    Clicked element: <xpath->//button//span[text()="登录"]>, Spend 0.08586597442626953 seconds
2019-06-24 01:18:17,311 - root - INFO - SUCCESS    Get the current window screenshot,path: /Users/zhy/github/UItestframework/report/image/20190624/011816.156.png, Spend 0.6566028594970703 seconds
2019-06-24 01:18:17,311 - root - DEBUG - asdasd
2019-06-24 01:18:17,392 - root - INFO - SUCCESS    Closed all window and quit the driver, Spend 0.0797572135925293 seconds
2019-06-24 01:18:17,393 - root - INFO - ###############################  End  ###############################
2019-06-24 01:32:20,312 - root - INFO - open /Users/zhy/github/UItestframework/data/testdata/LoginTestcase.xlsx success
2019-06-24 01:32:20,313 - root - INFO - ############################### START ###############################
2019-06-24 01:32:22,236 - root - INFO - SUCCESS    Start a new browser: chrome, Spend 1.9224200248718262 seconds
2019-06-24 01:32:22,384 - root - INFO - SUCCESS    Set browser window maximized, Spend 0.14815998077392578 seconds
2019-06-24 01:32:23,483 - root - INFO - SUCCESS    Navigated to http://101.132.45.246:9696/#/login, Spend 1.0964760780334473 seconds
2019-06-24 01:32:23,664 - root - INFO - SUCCESS    Clear and type element: <xpath->//div//input[@type="text"]> content: zhanghaoyu, Spend 0.1808159351348877 seconds
2019-06-24 01:32:23,789 - root - INFO - SUCCESS    Clear and type element: <xpath->//div//input[@placeholder="请输入密码"]> content: Zhy3382155, Spend 0.12419986724853516 seconds
2019-06-24 01:32:23,866 - root - INFO - SUCCESS    Clicked element: <xpath->//button//span[text()="登录"]>, Spend 0.07698798179626465 seconds
2019-06-24 01:32:26,397 - root - INFO - SUCCESS    Get the current window screenshot,path: /Users/zhy/github/UItestframework/report/image/20190624/013225.895.png, Spend 0.5018389225006104 seconds
2019-06-24 01:32:26,397 - root - DEBUG - asdasd
2019-06-24 01:32:26,476 - root - INFO - SUCCESS    Closed all window and quit the driver, Spend 0.07799196243286133 seconds
2019-06-24 01:32:26,477 - root - INFO - ###############################  End  ###############################
2019-06-24 01:32:26,478 - root - INFO - ############################### START ###############################
2019-06-24 01:32:28,370 - root - INFO - SUCCESS    Start a new browser: chrome, Spend 1.8905401229858398 seconds
2019-06-24 01:32:28,525 - root - INFO - SUCCESS    Set browser window maximized, Spend 0.15530800819396973 seconds
2019-06-24 01:32:29,386 - root - INFO - SUCCESS    Navigated to http://101.132.45.246:9696/#/login, Spend 0.8581027984619141 seconds
2019-06-24 01:32:29,582 - root - INFO - SUCCESS    Clear and type element: <xpath->//div//input[@type="text"]> content: zhanghaoyu1, Spend 0.19555091857910156 seconds
2019-06-24 01:32:29,707 - root - INFO - SUCCESS    Clear and type element: <xpath->//div//input[@placeholder="请输入密码"]> content: Zhy33821551, Spend 0.1252739429473877 seconds
2019-06-24 01:32:29,793 - root - INFO - SUCCESS    Clicked element: <xpath->//button//span[text()="登录"]>, Spend 0.0852658748626709 seconds
2019-06-24 01:32:32,482 - root - INFO - SUCCESS    Get the current window screenshot,path: /Users/zhy/github/UItestframework/report/image/20190624/013231.818.png, Spend 0.6643698215484619 seconds
2019-06-24 01:32:32,492 - root - DEBUG - asdasd
2019-06-24 01:32:32,571 - root - INFO - SUCCESS    Closed all window and quit the driver, Spend 0.0742030143737793 seconds
2019-06-24 01:32:32,571 - root - INFO - ###############################  End  ###############################
2019-06-24 01:37:23,615 - root - INFO - open /Users/zhy/github/UItestframework/data/testdata/LoginTestcase.xlsx success
2019-06-24 01:37:23,618 - root - INFO - ############################### START ###############################
2019-06-24 01:37:25,525 - root - INFO - SUCCESS    Start a new browser: chrome, Spend 1.9065508842468262 seconds
2019-06-24 01:37:25,672 - root - INFO - SUCCESS    Set browser window maximized, Spend 0.14618182182312012 seconds
2019-06-24 01:37:26,627 - root - INFO - SUCCESS    Navigated to http://101.132.45.246:9696/#/login, Spend 0.9525160789489746 seconds
2019-06-24 01:37:26,809 - root - INFO - SUCCESS    Clear and type element: <xpath->//div//input[@type="text"]> content: zhanghaoyu, Spend 0.18181991577148438 seconds
2019-06-24 01:37:26,937 - root - INFO - SUCCESS    Clear and type element: <xpath->//div//input[@placeholder="请输入密码"]> content: Zhy3382155, Spend 0.12671589851379395 seconds
2019-06-24 01:37:27,019 - root - INFO - SUCCESS    Clicked element: <xpath->//button//span[text()="登录"]>, Spend 0.0815889835357666 seconds
2019-06-24 01:37:29,121 - root - INFO - SUCCESS    Closed all window and quit the driver, Spend 0.07517194747924805 seconds
2019-06-24 01:37:29,122 - root - INFO - ###############################  End  ###############################
2019-06-24 01:37:29,123 - root - INFO - ############################### START ###############################
2019-06-24 01:37:30,987 - root - INFO - SUCCESS    Start a new browser: chrome, Spend 1.8635656833648682 seconds
2019-06-24 01:37:31,142 - root - INFO - SUCCESS    Set browser window maximized, Spend 0.15459990501403809 seconds
2019-06-24 01:37:32,017 - root - INFO - SUCCESS    Navigated to http://101.132.45.246:9696/#/login, Spend 0.8726179599761963 seconds
2019-06-24 01:37:32,211 - root - INFO - SUCCESS    Clear and type element: <xpath->//div//input[@type="text"]> content: zhanghaoyu1, Spend 0.19341301918029785 seconds
2019-06-24 01:37:32,341 - root - INFO - SUCCESS    Clear and type element: <xpath->//div//input[@placeholder="请输入密码"]> content: Zhy33821551, Spend 0.1292409896850586 seconds
2019-06-24 01:37:32,426 - root - INFO - SUCCESS    Clicked element: <xpath->//button//span[text()="登录"]>, Spend 0.08505797386169434 seconds
2019-06-24 01:37:35,106 - root - INFO - SUCCESS    Get the current window screenshot,path: /Users/zhy/github/UItestframework/report/image/20190624/013734.444.png, Spend 0.6619999408721924 seconds
2019-06-24 01:37:35,183 - root - INFO - SUCCESS    Closed all window and quit the driver, Spend 0.0770268440246582 seconds
2019-06-24 01:37:35,184 - root - INFO - ###############################  End  ###############################
2019-06-24 01:51:40,873 - root - INFO - open /Users/zhy/github/UItestframework/data/testdata/LoginTestcase.xlsx success
2019-06-24 01:51:40,874 - root - INFO - ############################### START ###############################
2019-06-24 01:51:42,746 - root - INFO - SUCCESS    Start a new browser: chrome, Spend 1.8708982467651367 seconds
2019-06-24 01:51:42,924 - root - INFO - SUCCESS    Set browser window maximized, Spend 0.17749881744384766 seconds
2019-06-24 01:51:43,794 - root - INFO - SUCCESS    Navigated to http://101.132.45.246:9696/#/login, Spend 0.868394136428833 seconds
2019-06-24 01:51:43,998 - root - INFO - SUCCESS    Clear and type element: <xpath->//div//input[@type="text"]> content: zhanghaoyu, Spend 0.19275760650634766 seconds
2019-06-24 01:51:44,120 - root - INFO - SUCCESS    Clear and type element: <xpath->//div//input[@placeholder="请输入密码"]> content: Zhy3382155, Spend 0.12156796455383301 seconds
2019-06-24 01:51:44,209 - root - INFO - SUCCESS    Clicked element: <xpath->//button//span[text()="登录"]>, Spend 0.0879371166229248 seconds
2019-06-24 01:51:46,741 - root - INFO - SUCCESS    Get the current window screenshot,path: /Users/zhy/github/UItestframework/report/image/20190624/015146.235.png, Spend 0.5059478282928467 seconds
2019-06-24 01:51:46,821 - root - INFO - SUCCESS    Closed all window and quit the driver, Spend 0.07947015762329102 seconds
2019-06-24 01:51:46,821 - root - INFO - ###############################  End  ###############################
2019-06-24 01:51:46,822 - root - INFO - ############################### START ###############################
2019-06-24 01:51:48,702 - root - INFO - SUCCESS    Start a new browser: chrome, Spend 1.8796563148498535 seconds
2019-06-24 01:51:48,870 - root - INFO - SUCCESS    Set browser window maximized, Spend 0.1670520305633545 seconds
2019-06-24 01:51:49,753 - root - INFO - SUCCESS    Navigated to http://101.132.45.246:9696/#/login, Spend 0.881350040435791 seconds
2019-06-24 01:51:49,949 - root - INFO - SUCCESS    Clear and type element: <xpath->//div//input[@type="text"]> content: zhanghaoyu1, Spend 0.19570493698120117 seconds
2019-06-24 01:51:50,075 - root - INFO - SUCCESS    Clear and type element: <xpath->//div//input[@placeholder="请输入密码"]> content: Zhy33821551, Spend 0.12477803230285645 seconds
2019-06-24 01:51:50,153 - root - INFO - SUCCESS    Clicked element: <xpath->//button//span[text()="登录"]>, Spend 0.07836294174194336 seconds
2019-06-24 01:51:52,839 - root - INFO - SUCCESS    Get the current window screenshot,path: /Users/zhy/github/UItestframework/report/image/20190624/015152.173.png, Spend 0.6653690338134766 seconds
2019-06-24 01:51:52,911 - root - INFO - SUCCESS    Closed all window and quit the driver, Spend 0.07219290733337402 seconds
2019-06-24 01:51:52,911 - root - INFO - ###############################  End  ###############################
2019-06-24 02:21:03,704 - root - INFO - SUCCESS    Start a new browser: chrome, Spend 1.8844690322875977 seconds
2019-06-24 02:21:03,760 - root - INFO - open /Users/zhy/github/UItestframework/data/testdata/LoginTestcase.xlsx success
2019-06-24 02:21:03,762 - root - INFO - ############################### START ###############################
2019-06-24 02:21:05,685 - root - INFO - SUCCESS    Start a new browser: chrome, Spend 1.9224450588226318 seconds
2019-06-24 02:21:05,849 - root - INFO - SUCCESS    Set browser window maximized, Spend 0.15706682205200195 seconds
2019-06-24 02:21:06,740 - root - INFO - SUCCESS    Navigated to http://101.132.45.246:9696/#/login, Spend 0.8889238834381104 seconds
2019-06-24 02:21:06,924 - root - INFO - SUCCESS    Clear and type element: <xpath->//div//input[@type="text"]> content: zhanghaoyu, Spend 0.1832902431488037 seconds
2019-06-24 02:21:07,048 - root - INFO - SUCCESS    Clear and type element: <xpath->//div//input[@placeholder="请输入密码"]> content: Zhy3382155, Spend 0.12352418899536133 seconds
2019-06-24 02:21:07,135 - root - INFO - SUCCESS    Clicked element: <xpath->//button//span[text()="登录"]>, Spend 0.08635807037353516 seconds
2019-06-24 02:21:09,194 - root - INFO - SUCCESS    Navigated to http://101.132.45.246:9696/#/login, Spend 0.026051044464111328 seconds
2019-06-24 02:21:09,330 - root - INFO - SUCCESS    Clear and type element: <xpath->//div//input[@type="text"]> content: zhanghaoyu1, Spend 0.13588380813598633 seconds
2019-06-24 02:21:09,449 - root - INFO - SUCCESS    Clear and type element: <xpath->//div//input[@placeholder="请输入密码"]> content: Zhy33821551, Spend 0.1177370548248291 seconds
2019-06-24 02:21:09,508 - root - INFO - SUCCESS    Clicked element: <xpath->//button//span[text()="登录"]>, Spend 0.05882382392883301 seconds
2019-06-24 02:21:11,608 - root - INFO - SUCCESS    Closed all window and quit the driver, Spend 0.07877707481384277 seconds
2019-06-24 02:32:18,768 - root - INFO - SUCCESS    Start a new browser: chrome, Spend 1.8991661071777344 seconds
2019-06-24 02:32:18,827 - root - INFO - open /Users/zhy/github/UItestframework/data/testdata/LoginTestcase.xlsx success
2019-06-24 02:32:18,828 - root - INFO - ############################### START ###############################
2019-06-24 02:32:20,660 - root - INFO - SUCCESS    Start a new browser: chrome, Spend 1.8318798542022705 seconds
2019-06-24 02:32:20,817 - root - INFO - SUCCESS    Set browser window maximized, Spend 0.15581393241882324 seconds
2019-06-24 02:32:21,648 - root - INFO - SUCCESS    Navigated to http://101.132.45.246:9696/#/login, Spend 0.8284339904785156 seconds
2019-06-24 02:32:21,869 - root - INFO - SUCCESS    Clear and type element: <xpath->//div//input[@type="text"]> content: zhanghaoyu, Spend 0.21112895011901855 seconds
2019-06-24 02:32:21,994 - root - INFO - SUCCESS    Clear and type element: <xpath->//div//input[@placeholder="请输入密码"]> content: Zhy3382155, Spend 0.12200713157653809 seconds
2019-06-24 02:32:22,064 - root - INFO - SUCCESS    Clicked element: <xpath->//button//span[text()="登录"]>, Spend 0.06937885284423828 seconds
2019-06-24 02:32:24,121 - root - INFO - SUCCESS    Navigated to http://101.132.45.246:9696/#/login, Spend 0.025391817092895508 seconds
2019-06-24 02:32:24,258 - root - INFO - SUCCESS    Clear and type element: <xpath->//div//input[@type="text"]> content: zhanghaoyu1, Spend 0.13584208488464355 seconds
2019-06-24 02:32:24,376 - root - INFO - SUCCESS    Clear and type element: <xpath->//div//input[@placeholder="请输入密码"]> content: Zhy33821551, Spend 0.11750602722167969 seconds
2019-06-24 02:32:24,440 - root - INFO - SUCCESS    Clicked element: <xpath->//button//span[text()="登录"]>, Spend 0.0643467903137207 seconds
2019-06-24 02:32:26,541 - root - INFO - SUCCESS    Closed all window and quit the driver, Spend 0.07724308967590332 seconds
2019-06-24 02:32:26,541 - root - INFO - ###############################  End  ###############################
2019-06-24 09:46:55,101 - root - INFO - SUCCESS    Start a new browser: chrome, Spend 2.1401801109313965 seconds
2019-06-24 09:46:55,147 - root - INFO - open /Users/zhy/github/UItestframework/data/testdata/LoginTestcase.xlsx success
2019-06-24 09:46:55,158 - root - INFO - ############################### START ###############################
2019-06-24 09:46:57,029 - root - INFO - SUCCESS    Start a new browser: chrome, Spend 1.8704850673675537 seconds
2019-06-24 09:46:57,178 - root - INFO - SUCCESS    Set browser window maximized, Spend 0.14903497695922852 seconds
2019-06-24 09:46:57,244 - root - INFO - SUCCESS    Closed all window and quit the driver, Spend 0.06386089324951172 seconds
2019-06-24 09:46:57,245 - root - INFO - ###############################  End  ###############################
2019-06-24 09:48:16,688 - root - INFO - SUCCESS    Start a new browser: chrome, Spend 1.8994779586791992 seconds
2019-06-24 09:48:16,730 - root - INFO - open /Users/zhy/github/UItestframework/data/testdata/LoginTestcase.xlsx success
2019-06-24 09:48:16,731 - root - INFO - ############################### START ###############################
2019-06-24 09:48:16,858 - root - INFO - SUCCESS    Set browser window maximized, Spend 0.12653803825378418 seconds
2019-06-24 09:48:16,925 - root - INFO - SUCCESS    Closed all window and quit the driver, Spend 0.06567001342773438 seconds
2019-06-24 09:48:16,926 - root - INFO - ###############################  End  ###############################
2019-06-24 09:48:29,038 - root - INFO - SUCCESS    Start a new browser: chrome, Spend 1.8722331523895264 seconds
2019-06-24 09:48:29,104 - root - INFO - open /Users/zhy/github/UItestframework/data/testdata/LoginTestcase.xlsx success
2019-06-24 09:48:29,109 - root - INFO - ############################### START ###############################
2019-06-24 09:48:29,230 - root - INFO - SUCCESS    Set browser window maximized, Spend 0.1204841136932373 seconds
2019-06-24 09:48:29,298 - root - INFO - SUCCESS    Closed all window and quit the driver, Spend 0.06666302680969238 seconds
2019-06-24 09:48:29,298 - root - INFO - ###############################  End  ###############################
2019-06-24 10:06:49,934 - root - INFO - open /Users/zhy/github/UItestframework/data/testdata/LoginTestcase.xlsx success
2019-06-24 10:06:49,935 - root - INFO - ############################### START ###############################
2019-06-24 10:06:51,823 - root - INFO - SUCCESS    Start a new browser: chrome, Spend 1.8869349956512451 seconds
2019-06-24 10:06:51,963 - root - INFO - SUCCESS    Set browser window maximized, Spend 0.14036798477172852 seconds
2019-06-24 10:07:47,981 - root - INFO - SUCCESS    Navigated to http://101.132.45.246:9696/#/login, Spend 56.01526498794556 seconds
2019-06-24 10:07:47,983 - root - ERROR - No such element found xpath->//div//input[@type="text"] Message: no such window: target window already closed
from unknown error: web view not found
  (Session info: chrome=77.0.3824.6)

2019-06-24 10:07:47,983 - root - INFO - FAIL    Unable to clear and type element: <xpath->//div//input[@type="text"]> content: zhanghaoyu, Spend 0.001984119415283203 seconds
2019-06-24 10:07:47,986 - root - INFO - FAIL    Unable to get the current window screenshot,path: /Users/zhy/github/UItestframework/report/image/20190624/100747.984.png, Spend 0.002515077590942383 seconds
2019-06-24 10:07:47,990 - root - INFO - ############################### START ###############################
2019-06-24 10:07:49,926 - root - INFO - SUCCESS    Start a new browser: chrome, Spend 1.9353227615356445 seconds
2019-06-24 10:07:50,060 - root - INFO - SUCCESS    Set browser window maximized, Spend 0.1336228847503662 seconds
2019-06-24 10:10:59,150 - root - INFO - SUCCESS    Navigated to http://101.132.45.246:9696/#/login, Spend 189.08766412734985 seconds
2019-06-24 10:11:04,293 - root - ERROR - No such element found xpath->//div//input[@type="text"] Message: Element: xpath->//div//input[@type="text"] not found in 5 seconds.

2019-06-24 10:11:04,293 - root - INFO - FAIL    Unable to clear and type element: <xpath->//div//input[@type="text"]> content: zhanghaoyu1, Spend 5.142786026000977 seconds
2019-06-24 10:11:04,792 - root - INFO - SUCCESS    Get the current window screenshot,path: /Users/zhy/github/UItestframework/report/image/20190624/101104.295.png, Spend 0.497546911239624 seconds
2019-06-24 10:11:04,868 - root - INFO - SUCCESS    Closed all window and quit the driver, Spend 0.0750589370727539 seconds
2019-06-24 10:11:04,868 - root - INFO - ###############################  End  ###############################
2019-06-24 10:26:42,651 - root - INFO - open /Users/zhy/github/UItestframework/data/testdata/LoginTestcase.xlsx success
2019-06-24 10:26:42,652 - root - INFO - ############################### START ###############################
2019-06-24 10:26:44,546 - root - INFO - SUCCESS    Start a new browser: chrome, Spend 1.893362045288086 seconds
2019-06-24 10:26:44,675 - root - INFO - SUCCESS    Set browser window maximized, Spend 0.12814807891845703 seconds
2019-06-24 10:26:46,584 - root - INFO - SUCCESS    Navigated to http://192.168.0.223:9001/#/login, Spend 1.9074339866638184 seconds
2019-06-24 10:26:46,763 - root - INFO - SUCCESS    Clear and type element: <xpath->//div//input[@type="text"]> content: zhanghaoyu, Spend 0.1776278018951416 seconds
2019-06-24 10:26:46,881 - root - INFO - SUCCESS    Clear and type element: <xpath->//div//input[@placeholder="请输入密码"]> content: Zhy3382155, Spend 0.1182100772857666 seconds
2019-06-24 10:26:46,972 - root - INFO - SUCCESS    Clicked element: <xpath->//button//span[text()="登录"]>, Spend 0.0900259017944336 seconds
2019-06-24 10:26:49,486 - root - INFO - SUCCESS    Get the current window screenshot,path: /Users/zhy/github/UItestframework/report/image/20190624/102649.003.png, Spend 0.48403501510620117 seconds
2019-06-24 10:26:49,568 - root - INFO - SUCCESS    Closed all window and quit the driver, Spend 0.08120012283325195 seconds
2019-06-24 10:26:49,569 - root - INFO - ###############################  End  ###############################
2019-06-24 10:26:49,570 - root - INFO - ############################### START ###############################
2019-06-24 10:26:51,460 - root - INFO - SUCCESS    Start a new browser: chrome, Spend 1.8902971744537354 seconds
2019-06-24 10:26:51,591 - root - INFO - SUCCESS    Set browser window maximized, Spend 0.13050484657287598 seconds
2019-06-24 10:26:55,527 - root - INFO - SUCCESS    Navigated to http://192.168.0.223:9001/#/login, Spend 3.9334757328033447 seconds
2019-06-24 10:26:55,713 - root - INFO - SUCCESS    Clear and type element: <xpath->//div//input[@type="text"]> content: zhanghaoyu1, Spend 0.18526220321655273 seconds
2019-06-24 10:26:55,834 - root - INFO - SUCCESS    Clear and type element: <xpath->//div//input[@placeholder="请输入密码"]> content: Zhy33821551, Spend 0.12110114097595215 seconds
2019-06-24 10:26:55,924 - root - INFO - SUCCESS    Clicked element: <xpath->//button//span[text()="登录"]>, Spend 0.08971500396728516 seconds
2019-06-24 10:26:58,596 - root - INFO - SUCCESS    Get the current window screenshot,path: /Users/zhy/github/UItestframework/report/image/20190624/102657.946.png, Spend 0.6500959396362305 seconds
2019-06-24 10:26:58,676 - root - INFO - SUCCESS    Closed all window and quit the driver, Spend 0.07951998710632324 seconds
2019-06-24 10:26:58,677 - root - INFO - ###############################  End  ###############################
2019-06-24 11:54:34,100 - root - INFO - open /Users/zhy/github/UItestframework/data/testdata/LoginTestcase.xlsx success
2019-06-24 11:54:34,102 - root - INFO - ############################### START ###############################
2019-06-24 11:54:36,039 - root - INFO - SUCCESS    Start a new browser: chrome, Spend 1.9361958503723145 seconds
2019-06-24 11:54:36,179 - root - INFO - SUCCESS    Set browser window maximized, Spend 0.1398768424987793 seconds
2019-06-24 11:54:37,126 - root - INFO - SUCCESS    Navigated to http://192.168.0.223:9001/#/login, Spend 0.9448070526123047 seconds
2019-06-24 11:54:37,308 - root - INFO - SUCCESS    Clear and type element: <xpath->//div//input[@type="text"]> content: zhanghaoyu, Spend 0.18104815483093262 seconds
2019-06-24 11:54:37,428 - root - INFO - SUCCESS    Clear and type element: <xpath->//div//input[@placeholder="请输入密码"]> content: Zhy3382155, Spend 0.11998701095581055 seconds
2019-06-24 11:54:37,497 - root - INFO - SUCCESS    Clicked element: <xpath->//button//span[text()="登录"]>, Spend 0.06863832473754883 seconds
2019-06-24 11:54:40,042 - root - INFO - SUCCESS    Get the current window screenshot,path: /Users/zhy/github/UItestframework/report/image/20190624/115439.525.png, Spend 0.5175549983978271 seconds
2019-06-24 11:54:40,151 - root - INFO - SUCCESS    Closed all window and quit the driver, Spend 0.08069014549255371 seconds
2019-06-24 11:54:40,152 - root - INFO - ###############################  End  ###############################
2019-06-24 11:54:40,153 - root - INFO - ############################### START ###############################
2019-06-24 11:54:42,100 - root - INFO - SUCCESS    Start a new browser: chrome, Spend 1.9465208053588867 seconds
2019-06-24 11:54:42,226 - root - INFO - SUCCESS    Set browser window maximized, Spend 0.12566781044006348 seconds
2019-06-24 11:54:43,173 - root - INFO - SUCCESS    Navigated to http://192.168.0.223:9001/#/login, Spend 0.9446389675140381 seconds
2019-06-24 11:54:43,364 - root - INFO - SUCCESS    Clear and type element: <xpath->//div//input[@type="text"]> content: zhanghaoyu1, Spend 0.1904921531677246 seconds
2019-06-24 11:54:43,488 - root - INFO - SUCCESS    Clear and type element: <xpath->//div//input[@placeholder="请输入密码"]> content: Zhy33821551, Spend 0.12327289581298828 seconds
2019-06-24 11:54:43,567 - root - INFO - SUCCESS    Clicked element: <xpath->//button//span[text()="登录"]>, Spend 0.07913589477539062 seconds
2019-06-24 11:54:46,249 - root - INFO - SUCCESS    Get the current window screenshot,path: /Users/zhy/github/UItestframework/report/image/20190624/115445.588.png, Spend 0.6612749099731445 seconds
2019-06-24 11:54:46,341 - root - INFO - SUCCESS    Closed all window and quit the driver, Spend 0.08055520057678223 seconds
2019-06-24 11:54:46,341 - root - INFO - ###############################  End  ###############################
2019-06-24 16:18:09,569 - root - INFO - open /Users/zhy/github/UItestframework/data/testdata/LoginTestcase.xlsx success
2019-06-24 16:18:09,570 - root - INFO - ############################### START ###############################
2019-06-24 16:18:11,480 - root - INFO - SUCCESS    Start a new browser: chrome, Spend 1.9094526767730713 seconds
2019-06-24 16:18:11,629 - root - INFO - SUCCESS    Set browser window maximized, Spend 0.14867901802062988 seconds
2019-06-24 16:18:12,532 - root - INFO - SUCCESS    Navigated to http://192.168.0.223:9001/#/login, Spend 0.8999340534210205 seconds
2019-06-24 16:18:12,711 - root - INFO - SUCCESS    Clear and type element: <xpath->//div//input[@type="text"]> content: zhanghaoyu, Spend 0.17943096160888672 seconds
2019-06-24 16:18:12,831 - root - INFO - SUCCESS    Clear and type element: <xpath->//div//input[@placeholder="请输入密码"]> content: Zhy3382155, Spend 0.11921501159667969 seconds
2019-06-24 16:18:12,898 - root - INFO - SUCCESS    Clicked element: <xpath->//button//span[text()="登录"]>, Spend 0.06688284873962402 seconds
2019-06-24 16:18:15,431 - root - INFO - SUCCESS    Get the current window screenshot,path:/Users/zhy/github/UItestframework/report/image/20190624/161814.930.png, Spend 0.5012762546539307 seconds
2019-06-24 16:18:15,515 - root - INFO - SUCCESS    Closed all window and quit the driver, Spend 0.08344388008117676 seconds
2019-06-24 16:18:15,515 - root - INFO - ###############################  End  ###############################
2019-06-24 16:18:15,516 - root - INFO - ############################### START ###############################
2019-06-24 16:18:17,402 - root - INFO - SUCCESS    Start a new browser: chrome, Spend 1.8856110572814941 seconds
2019-06-24 16:18:17,546 - root - INFO - SUCCESS    Set browser window maximized, Spend 0.14336585998535156 seconds
2019-06-24 16:18:18,528 - root - INFO - SUCCESS    Navigated to http://192.168.0.223:9001/#/login, Spend 0.9794461727142334 seconds
2019-06-24 16:18:18,713 - root - INFO - SUCCESS    Clear and type element: <xpath->//div//input[@type="text"]> content: zhanghaoyu1, Spend 0.18429875373840332 seconds
2019-06-24 16:18:18,832 - root - INFO - SUCCESS    Clear and type element: <xpath->//div//input[@placeholder="请输入密码"]> content: Zhy33821551, Spend 0.11898493766784668 seconds
2019-06-24 16:18:18,901 - root - INFO - SUCCESS    Clicked element: <xpath->//button//span[text()="登录"]>, Spend 0.06872105598449707 seconds
2019-06-24 16:18:21,574 - root - INFO - SUCCESS    Get the current window screenshot,path:/Users/zhy/github/UItestframework/report/image/20190624/161820.921.png, Spend 0.6525149345397949 seconds
2019-06-24 16:18:21,671 - root - INFO - SUCCESS    Closed all window and quit the driver, Spend 0.08043408393859863 seconds
2019-06-24 16:18:21,671 - root - INFO - ###############################  End  ###############################
2019-06-24 16:26:50,041 - root - INFO - open /Users/zhy/github/UItestframework/data/testdata/LoginTestcase.xlsx success
2019-06-24 16:26:50,042 - root - INFO - ############################### START ###############################
2019-06-24 16:26:51,966 - root - INFO - SUCCESS    Start a new browser: chrome, Spend 1.9232559204101562 seconds
2019-06-24 16:26:52,087 - root - INFO - SUCCESS    Set browser window maximized, Spend 0.12042808532714844 seconds
2019-06-24 16:26:53,025 - root - INFO - SUCCESS    Navigated to http://192.168.0.223:9001/#/login, Spend 0.9362049102783203 seconds
2019-06-24 16:26:53,204 - root - INFO - SUCCESS    Clear and type element: <xpath->//div//input[@type="text"]> content: zhanghaoyu, Spend 0.17878413200378418 seconds
2019-06-24 16:26:53,324 - root - INFO - SUCCESS    Clear and type element: <xpath->//div//input[@placeholder="请输入密码"]> content: Zhy3382155, Spend 0.11861491203308105 seconds
2019-06-24 16:26:53,386 - root - INFO - SUCCESS    Clicked element: <xpath->//button//span[text()="登录"]>, Spend 0.06210207939147949 seconds
2019-06-24 16:26:55,901 - root - INFO - SUCCESS    Get the current window screenshot,path:/Users/zhy/github/UItestframework/report/image/20190624/162655.417.png, Spend 0.48465609550476074 seconds
2019-06-24 16:26:55,984 - root - INFO - SUCCESS    Closed all window and quit the driver, Spend 0.08239936828613281 seconds
2019-06-24 16:26:55,984 - root - INFO - ###############################  End  ###############################
2019-06-24 16:26:55,985 - root - INFO - ############################### START ###############################
2019-06-24 16:26:57,857 - root - INFO - SUCCESS    Start a new browser: chrome, Spend 1.871549129486084 seconds
2019-06-24 16:26:58,018 - root - INFO - SUCCESS    Set browser window maximized, Spend 0.16038298606872559 seconds
2019-06-24 16:26:58,917 - root - INFO - SUCCESS    Navigated to http://192.168.0.223:9001/#/login, Spend 0.8965640068054199 seconds
2019-06-24 16:26:59,107 - root - INFO - SUCCESS    Clear and type element: <xpath->//div//input[@type="text"]> content: zhanghaoyu1, Spend 0.1892249584197998 seconds
2019-06-24 16:26:59,229 - root - INFO - SUCCESS    Clear and type element: <xpath->//div//input[@placeholder="请输入密码"]> content: Zhy33821551, Spend 0.12202024459838867 seconds
2019-06-24 16:26:59,304 - root - INFO - SUCCESS    Clicked element: <xpath->//button//span[text()="登录"]>, Spend 0.07469415664672852 seconds
2019-06-24 16:27:01,968 - root - INFO - SUCCESS    Get the current window screenshot,path:/Users/zhy/github/UItestframework/report/image/20190624/162701.326.png, Spend 0.6421012878417969 seconds
2019-06-24 16:27:02,051 - root - INFO - SUCCESS    Closed all window and quit the driver, Spend 0.08246970176696777 seconds
2019-06-24 16:27:02,052 - root - INFO - ###############################  End  ###############################
2019-06-24 16:33:55,256 - root - INFO - open /Users/zhy/github/UItestframework/data/testdata/LoginTestcase.xlsx success
2019-06-24 16:33:55,257 - root - INFO - ############################### START ###############################
2019-06-24 16:33:57,162 - root - INFO - SUCCESS    Start a new browser: chrome, Spend 1.9041683673858643 seconds
2019-06-24 16:33:57,300 - root - INFO - SUCCESS    Set browser window maximized, Spend 0.13790583610534668 seconds
2019-06-24 16:33:58,267 - root - INFO - SUCCESS    Navigated to http://192.168.0.223:9001/#/login, Spend 0.9645888805389404 seconds
2019-06-24 16:33:58,447 - root - INFO - SUCCESS    Clear and type element: <xpath->//div//input[@type="text"]> content: zhanghaoyu, Spend 0.17999792098999023 seconds
2019-06-24 16:33:58,568 - root - INFO - SUCCESS    Clear and type element: <xpath->//div//input[@placeholder="请输入密码"]> content: Zhy3382155, Spend 0.11986517906188965 seconds
2019-06-24 16:33:58,638 - root - INFO - SUCCESS    Clicked element: <xpath->//button//span[text()="登录"]>, Spend 0.0693519115447998 seconds
2019-06-24 16:34:01,170 - root - INFO - SUCCESS    Get the current window screenshot,path:/Users/zhy/github/UItestframework/report/image/20190624/163400.667.png, Spend 0.502708911895752 seconds
2019-06-24 16:34:01,256 - root - INFO - SUCCESS    Closed all window and quit the driver, Spend 0.08594894409179688 seconds
2019-06-24 16:34:01,257 - root - INFO - ###############################  End  ###############################
2019-06-24 16:34:01,257 - root - INFO - ############################### START ###############################
2019-06-24 16:34:03,128 - root - INFO - SUCCESS    Start a new browser: chrome, Spend 1.869804859161377 seconds
2019-06-24 16:34:03,267 - root - INFO - SUCCESS    Set browser window maximized, Spend 0.13908791542053223 seconds
2019-06-24 16:34:04,191 - root - INFO - SUCCESS    Navigated to http://192.168.0.223:9001/#/login, Spend 0.9220371246337891 seconds
2019-06-24 16:34:04,378 - root - INFO - SUCCESS    Clear and type element: <xpath->//div//input[@type="text"]> content: zhanghaoyu1, Spend 0.18562006950378418 seconds
2019-06-24 16:34:04,500 - root - INFO - SUCCESS    Clear and type element: <xpath->//div//input[@placeholder="请输入密码"]> content: Zhy33821551, Spend 0.12228107452392578 seconds
2019-06-24 16:34:04,580 - root - INFO - SUCCESS    Clicked element: <xpath->//button//span[text()="登录"]>, Spend 0.07940983772277832 seconds
2019-06-24 16:34:07,254 - root - INFO - SUCCESS    Get the current window screenshot,path:/Users/zhy/github/UItestframework/report/image/20190624/163406.604.png, Spend 0.6508357524871826 seconds
2019-06-24 16:34:07,334 - root - INFO - SUCCESS    Closed all window and quit the driver, Spend 0.07878708839416504 seconds
2019-06-24 16:34:07,334 - root - INFO - ###############################  End  ###############################
2019-06-24 16:37:16,901 - root - INFO - open /Users/zhy/github/UItestframework/data/testdata/LoginTestcase.xlsx success
2019-06-24 16:37:16,902 - root - INFO - ############################### START ###############################
2019-06-24 16:37:18,791 - root - INFO - SUCCESS    Start a new browser: chrome, Spend 1.8885412216186523 seconds
2019-06-24 16:37:18,941 - root - INFO - SUCCESS    Set browser window maximized, Spend 0.14936304092407227 seconds
2019-06-24 16:37:19,854 - root - INFO - SUCCESS    Navigated to http://192.168.0.223:9001/#/login, Spend 0.9108901023864746 seconds
2019-06-24 16:37:20,031 - root - INFO - SUCCESS    Clear and type element: <xpath->//div//input[@type="text"]> content: zhanghaoyu, Spend 0.17680001258850098 seconds
2019-06-24 16:37:20,152 - root - INFO - SUCCESS    Clear and type element: <xpath->//div//input[@placeholder="请输入密码"]> content: Zhy3382155, Spend 0.12003612518310547 seconds
2019-06-24 16:37:20,239 - root - INFO - SUCCESS    Clicked element: <xpath->//button//span[text()="登录"]>, Spend 0.08690619468688965 seconds
2019-06-24 16:37:22,760 - root - INFO - SUCCESS    Get the current window screenshot,path: /Users/zhy/github/UItestframework/report/image/20190624/163722.270.png, Spend 0.4906120300292969 seconds
2019-06-24 16:37:22,844 - root - INFO - SUCCESS    Closed all window and quit the driver, Spend 0.08349204063415527 seconds
2019-06-24 16:37:22,844 - root - INFO - ###############################  End  ###############################
2019-06-24 16:37:22,845 - root - INFO - ############################### START ###############################
2019-06-24 16:37:24,698 - root - INFO - SUCCESS    Start a new browser: chrome, Spend 1.8520641326904297 seconds
2019-06-24 16:37:24,846 - root - INFO - SUCCESS    Set browser window maximized, Spend 0.14812612533569336 seconds
2019-06-24 16:37:25,958 - root - INFO - SUCCESS    Navigated to http://192.168.0.223:9001/#/login, Spend 1.1094980239868164 seconds
2019-06-24 16:37:26,145 - root - INFO - SUCCESS    Clear and type element: <xpath->//div//input[@type="text"]> content: zhanghaoyu1, Spend 0.18645811080932617 seconds
2019-06-24 16:37:26,266 - root - INFO - SUCCESS    Clear and type element: <xpath->//div//input[@placeholder="请输入密码"]> content: Zhy33821551, Spend 0.12042617797851562 seconds
2019-06-24 16:37:26,330 - root - INFO - SUCCESS    Clicked element: <xpath->//button//span[text()="登录"]>, Spend 0.06428217887878418 seconds
2019-06-24 16:37:29,004 - root - INFO - SUCCESS    Get the current window screenshot,path: /Users/zhy/github/UItestframework/report/image/20190624/163728.352.png, Spend 0.652763843536377 seconds
2019-06-24 16:37:29,083 - root - INFO - SUCCESS    Closed all window and quit the driver, Spend 0.07795023918151855 seconds
2019-06-24 16:37:29,083 - root - INFO - ###############################  End  ###############################
2019-06-24 17:05:08,694 - root - INFO - open /Users/zhy/github/UItestframework/data/testdata/LoginTestcase.xlsx success
2019-06-24 17:05:08,696 - root - INFO - ############################### START ###############################
2019-06-24 17:05:10,636 - root - INFO - SUCCESS    Start a new browser: chrome, Spend 1.9403040409088135 seconds
2019-06-24 17:05:10,760 - root - INFO - SUCCESS    Set browser window maximized, Spend 0.1231238842010498 seconds
2019-06-24 17:05:11,692 - root - INFO - SUCCESS    Navigated to http://192.168.0.223:9001/#/login, Spend 0.9294500350952148 seconds
2019-06-24 17:05:11,875 - root - INFO - SUCCESS    Clear and type element: <xpath->//div//input[@type="text"]> content: zhanghaoyu, Spend 0.18238067626953125 seconds
2019-06-24 17:05:12,001 - root - INFO - SUCCESS    Clear and type element: <xpath->//div//input[@placeholder="请输入密码"]> content: Zhy3382155, Spend 0.12508010864257812 seconds
2019-06-24 17:05:12,091 - root - INFO - SUCCESS    Clicked element: <xpath->//button//span[text()="登录"]>, Spend 0.08929014205932617 seconds
2019-06-24 17:05:14,623 - root - INFO - SUCCESS    Get the current window screenshot,path: /Users/zhy/github/UItestframework/report/image/20190624/170514.119.png, Spend 0.5037822723388672 seconds
2019-06-24 17:05:14,707 - root - INFO - SUCCESS    Closed all window and quit the driver, Spend 0.08274412155151367 seconds
2019-06-24 17:05:14,707 - root - INFO - ###############################  End  ###############################
2019-06-24 17:05:14,708 - root - INFO - ############################### START ###############################
2019-06-24 17:05:16,579 - root - INFO - SUCCESS    Start a new browser: chrome, Spend 1.8703968524932861 seconds
2019-06-24 17:05:16,730 - root - INFO - SUCCESS    Set browser window maximized, Spend 0.15018415451049805 seconds
2019-06-24 17:05:17,655 - root - INFO - SUCCESS    Navigated to http://192.168.0.223:9001/#/login, Spend 0.923590898513794 seconds
2019-06-24 17:05:17,846 - root - INFO - SUCCESS    Clear and type element: <xpath->//div//input[@type="text"]> content: zhanghaoyu1, Spend 0.18989992141723633 seconds
2019-06-24 17:05:17,967 - root - INFO - SUCCESS    Clear and type element: <xpath->//div//input[@placeholder="请输入密码"]> content: Zhy33821551, Spend 0.12131404876708984 seconds
2019-06-24 17:05:18,033 - root - INFO - SUCCESS    Clicked element: <xpath->//button//span[text()="登录"]>, Spend 0.0651237964630127 seconds
2019-06-24 17:05:20,706 - root - INFO - SUCCESS    Get the current window screenshot,path: /Users/zhy/github/UItestframework/report/image/20190624/170520.057.png, Spend 0.6499149799346924 seconds
2019-06-24 17:05:20,786 - root - INFO - SUCCESS    Closed all window and quit the driver, Spend 0.07931995391845703 seconds
2019-06-24 17:05:20,786 - root - INFO - ###############################  End  ###############################
2019-06-24 17:20:07,450 - root - INFO - open /Users/zhy/github/UItestframework/data/testdata/LoginTestcase.xlsx success
2019-06-24 17:20:07,451 - root - INFO - ############################### START ###############################
2019-06-24 17:20:09,354 - root - INFO - SUCCESS    Start a new browser: chrome, Spend 1.9026687145233154 seconds
2019-06-24 17:20:09,498 - root - INFO - SUCCESS    Set browser window maximized, Spend 0.14307093620300293 seconds
2019-06-24 17:20:10,423 - root - INFO - SUCCESS    Navigated to http://192.168.0.223:9001/#/login, Spend 0.9227409362792969 seconds
2019-06-24 17:20:10,605 - root - INFO - SUCCESS    Clear and type element: <xpath->//div//input[@type="text"]> content: zhanghaoyu, Spend 0.1808619499206543 seconds
2019-06-24 17:20:10,727 - root - INFO - SUCCESS    Clear and type element: <xpath->//div//input[@placeholder="请输入密码"]> content: Zhy3382155, Spend 0.12223005294799805 seconds
2019-06-24 17:20:10,814 - root - INFO - SUCCESS    Clicked element: <xpath->//button//span[text()="登录"]>, Spend 0.08606982231140137 seconds
2019-06-24 17:20:13,341 - root - INFO - SUCCESS    Get the current window screenshot,path: /Users/zhy/github/UItestframework/report/image/20190624/172012.843.png, Spend 0.4979870319366455 seconds
2019-06-24 17:20:13,428 - root - INFO - SUCCESS    Closed all window and quit the driver, Spend 0.08590126037597656 seconds
2019-06-24 17:20:13,429 - root - INFO - ###############################  End  ###############################
2019-06-24 17:20:13,430 - root - INFO - ############################### START ###############################
2019-06-24 17:20:15,293 - root - INFO - SUCCESS    Start a new browser: chrome, Spend 1.862900972366333 seconds
2019-06-24 17:20:15,436 - root - INFO - SUCCESS    Set browser window maximized, Spend 0.14248919486999512 seconds
2019-06-24 17:20:16,386 - root - INFO - SUCCESS    Navigated to http://192.168.0.223:9001/#/login, Spend 0.9469919204711914 seconds
2019-06-24 17:20:16,570 - root - INFO - SUCCESS    Clear and type element: <xpath->//div//input[@type="text"]> content: zhanghaoyu1, Spend 0.18350005149841309 seconds
2019-06-24 17:20:16,695 - root - INFO - SUCCESS    Clear and type element: <xpath->//div//input[@placeholder="请输入密码"]> content: Zhy33821551, Spend 0.12466931343078613 seconds
2019-06-24 17:20:16,775 - root - INFO - SUCCESS    Clicked element: <xpath->//button//span[text()="登录"]>, Spend 0.07944703102111816 seconds
2019-06-24 17:20:19,442 - root - INFO - SUCCESS    Get the current window screenshot,path: /Users/zhy/github/UItestframework/report/image/20190624/172018.796.png, Spend 0.6464650630950928 seconds
2019-06-24 17:20:19,524 - root - INFO - SUCCESS    Closed all window and quit the driver, Spend 0.08070111274719238 seconds
2019-06-24 17:20:19,524 - root - INFO - ###############################  End  ###############################
2019-06-24 17:22:47,848 - root - INFO - open /Users/zhy/github/UItestframework/data/testdata/LoginTestcase.xlsx success
2019-06-24 17:22:47,849 - root - INFO - ############################### START ###############################
2019-06-24 17:22:49,727 - root - INFO - SUCCESS    Start a new browser: chrome, Spend 1.877903938293457 seconds
2019-06-24 17:22:49,878 - root - INFO - SUCCESS    Set browser window maximized, Spend 0.15012884140014648 seconds
2019-06-24 17:22:50,975 - root - INFO - SUCCESS    Navigated to http://192.168.0.223:9001/#/login, Spend 1.094919204711914 seconds
2019-06-24 17:22:51,154 - root - INFO - SUCCESS    Clear and type element: <xpath->//div//input[@type="text"]> content: zhanghaoyu, Spend 0.17813563346862793 seconds
2019-06-24 17:22:51,277 - root - INFO - SUCCESS    Clear and type element: <xpath->//div//input[@placeholder="请输入密码"]> content: Zhy3382155, Spend 0.12314009666442871 seconds
2019-06-24 17:22:51,361 - root - INFO - SUCCESS    Clicked element: <xpath->//button//span[text()="登录"]>, Spend 0.08282208442687988 seconds
2019-06-24 17:22:53,879 - root - INFO - SUCCESS    Get the current window screenshot,path: /Users/zhy/github/UItestframework/report/image/20190624/172253.389.png, Spend 0.4904611110687256 seconds
2019-06-24 17:22:53,972 - root - INFO - SUCCESS    Closed all window and quit the driver, Spend 0.09200882911682129 seconds
2019-06-24 17:22:53,972 - root - INFO - ###############################  End  ###############################
2019-06-24 17:22:53,973 - root - INFO - ############################### START ###############################
2019-06-24 17:22:55,863 - root - INFO - SUCCESS    Start a new browser: chrome, Spend 1.8896257877349854 seconds
2019-06-24 17:22:56,013 - root - INFO - SUCCESS    Set browser window maximized, Spend 0.14957308769226074 seconds
2019-06-24 17:22:56,911 - root - INFO - SUCCESS    Navigated to http://192.168.0.223:9001/#/login, Spend 0.8953857421875 seconds
2019-06-24 17:22:57,101 - root - INFO - SUCCESS    Clear and type element: <xpath->//div//input[@type="text"]> content: zhanghaoyu1, Spend 0.18941497802734375 seconds
2019-06-24 17:22:57,222 - root - INFO - SUCCESS    Clear and type element: <xpath->//div//input[@placeholder="请输入密码"]> content: Zhy33821551, Spend 0.12031197547912598 seconds
2019-06-24 17:22:57,313 - root - INFO - SUCCESS    Clicked element: <xpath->//button//span[text()="登录"]>, Spend 0.09067988395690918 seconds
2019-06-24 17:22:59,985 - root - INFO - SUCCESS    Get the current window screenshot,path: /Users/zhy/github/UItestframework/report/image/20190624/172259.334.png, Spend 0.6512351036071777 seconds
2019-06-24 17:23:00,065 - root - INFO - SUCCESS    Closed all window and quit the driver, Spend 0.07941722869873047 seconds
2019-06-24 17:23:00,066 - root - INFO - ###############################  End  ###############################
2019-06-24 19:00:02,500 - root - INFO - open /Users/zhy/github/UItestframework/data/testdata/LoginTestcase.xlsx success
2019-06-24 19:00:02,501 - root - INFO - ############################### START ###############################
2019-06-24 19:00:04,412 - root - INFO - SUCCESS    Start a new browser: chrome, Spend 1.9099152088165283 seconds
2019-06-24 19:00:04,552 - root - INFO - SUCCESS    Set browser window maximized, Spend 0.13951706886291504 seconds
2019-06-24 19:00:05,520 - root - INFO - SUCCESS    Navigated to http://192.168.0.223:9001/#/login, Spend 0.9656679630279541 seconds
2019-06-24 19:00:05,702 - root - INFO - SUCCESS    Clear and type element: <xpath->//div//input[@type="text"]> content: zhanghaoyu, Spend 0.18220019340515137 seconds
2019-06-24 19:00:05,819 - root - INFO - SUCCESS    Clear and type element: <xpath->//div//input[@placeholder="请输入密码"]> content: Zhy3382155, Spend 0.1163640022277832 seconds
2019-06-24 19:00:05,903 - root - INFO - SUCCESS    Clicked element: <xpath->//button//span[text()="登录"]>, Spend 0.08347916603088379 seconds
2019-06-24 19:00:08,014 - root - INFO - SUCCESS    Closed all window and quit the driver, Spend 0.08276700973510742 seconds
2019-06-24 19:00:08,015 - root - INFO - ###############################  End  ###############################
2019-06-24 19:00:08,016 - root - INFO - ############################### START ###############################
2019-06-24 19:00:09,911 - root - INFO - SUCCESS    Start a new browser: chrome, Spend 1.8944079875946045 seconds
2019-06-24 19:00:10,055 - root - INFO - SUCCESS    Set browser window maximized, Spend 0.1436772346496582 seconds
2019-06-24 19:00:10,989 - root - INFO - SUCCESS    Navigated to http://192.168.0.223:9001/#/login, Spend 0.9322681427001953 seconds
2019-06-24 19:00:11,177 - root - INFO - SUCCESS    Clear and type element: <xpath->//div//input[@type="text"]> content: zhanghaoyu1, Spend 0.18682122230529785 seconds
2019-06-24 19:00:11,299 - root - INFO - SUCCESS    Clear and type element: <xpath->//div//input[@placeholder="请输入密码"]> content: Zhy33821551, Spend 0.12200379371643066 seconds
2019-06-24 19:00:11,386 - root - INFO - SUCCESS    Clicked element: <xpath->//button//span[text()="登录"]>, Spend 0.0863192081451416 seconds
2019-06-24 19:00:13,486 - root - INFO - SUCCESS    Closed all window and quit the driver, Spend 0.07662105560302734 seconds
2019-06-24 19:00:13,486 - root - INFO - ###############################  End  ###############################
2019-06-24 19:04:11,041 - root - INFO - open /Users/zhy/github/UItestframework/data/testdata/LoginTestcase.xlsx success
2019-06-24 19:04:11,042 - root - INFO - ############################### START ###############################
2019-06-24 19:04:12,939 - root - INFO - SUCCESS    Start a new browser: chrome, Spend 1.8961288928985596 seconds
2019-06-24 19:04:13,096 - root - INFO - SUCCESS    Set browser window maximized, Spend 0.15727806091308594 seconds
2019-06-24 19:04:13,983 - root - INFO - SUCCESS    Navigated to http://192.168.0.223:9001/#/login, Spend 0.880216121673584 seconds
2019-06-24 19:04:14,163 - root - INFO - SUCCESS    Clear and type element: <xpath->//div//input[@type="text"]> content: zhanghaoyu, Spend 0.17962884902954102 seconds
2019-06-24 19:04:14,283 - root - INFO - SUCCESS    Clear and type element: <xpath->//div//input[@placeholder="请输入密码"]> content: Zhy3382155, Spend 0.11984395980834961 seconds
2019-06-24 19:04:14,375 - root - INFO - SUCCESS    Clicked element: <xpath->//button//span[text()="登录"]>, Spend 0.09102392196655273 seconds
2019-06-24 19:04:16,896 - root - INFO - SUCCESS    Get the current window screenshot,path: /Users/zhy/github/UItestframework/report/image/20190624/190416.406.png, Spend 0.4907047748565674 seconds
2019-06-24 19:04:16,984 - root - INFO - SUCCESS    Closed all window and quit the driver, Spend 0.08765220642089844 seconds
2019-06-24 19:04:16,985 - root - INFO - ###############################  End  ###############################
2019-06-24 19:04:16,986 - root - INFO - ############################### START ###############################
2019-06-24 19:04:18,867 - root - INFO - SUCCESS    Start a new browser: chrome, Spend 1.8807780742645264 seconds
2019-06-24 19:04:19,027 - root - INFO - SUCCESS    Set browser window maximized, Spend 0.15993690490722656 seconds
2019-06-24 19:04:19,935 - root - INFO - SUCCESS    Navigated to http://192.168.0.223:9001/#/login, Spend 0.9057378768920898 seconds
2019-06-24 19:04:20,125 - root - INFO - SUCCESS    Clear and type element: <xpath->//div//input[@type="text"]> content: zhanghaoyu1, Spend 0.1892092227935791 seconds
2019-06-24 19:04:20,247 - root - INFO - SUCCESS    Clear and type element: <xpath->//div//input[@placeholder="请输入密码"]> content: Zhy33821551, Spend 0.12130904197692871 seconds
2019-06-24 19:04:20,318 - root - INFO - SUCCESS    Clicked element: <xpath->//button//span[text()="登录"]>, Spend 0.07076883316040039 seconds
2019-06-24 19:04:22,999 - root - INFO - SUCCESS    Get the current window screenshot,path: /Users/zhy/github/UItestframework/report/image/20190624/190422.338.png, Spend 0.6611309051513672 seconds
2019-06-24 19:04:23,084 - root - INFO - SUCCESS    Closed all window and quit the driver, Spend 0.08436203002929688 seconds
2019-06-24 19:04:23,084 - root - INFO - ###############################  End  ###############################
2019-06-24 19:12:59,834 - root - INFO - open /Users/zhy/github/UItestframework/data/testdata/LoginTestcase.xlsx success
2019-06-24 19:12:59,835 - root - INFO - ############################### START ###############################
2019-06-24 19:13:01,706 - root - INFO - SUCCESS    Start a new browser: chrome, Spend 1.8705310821533203 seconds
2019-06-24 19:13:01,858 - root - INFO - SUCCESS    Set browser window maximized, Spend 0.15124297142028809 seconds
2019-06-24 19:13:02,836 - root - INFO - SUCCESS    Navigated to http://192.168.0.223:9001/#/login, Spend 0.9762117862701416 seconds
2019-06-24 19:13:03,016 - root - INFO - SUCCESS    Clear and type element: <xpath->//div//input[@type="text"]> content: zhanghaoyu, Spend 0.17924213409423828 seconds
2019-06-24 19:13:03,136 - root - INFO - SUCCESS    Clear and type element: <xpath->//div//input[@placeholder="请输入密码"]> content: Zhy3382155, Spend 0.11976313591003418 seconds
2019-06-24 19:13:03,221 - root - INFO - SUCCESS    Clicked element: <xpath->//button//span[text()="登录"]>, Spend 0.08421993255615234 seconds
2019-06-24 19:13:05,745 - root - INFO - SUCCESS    Get the current window screenshot,path: /Users/zhy/github/UItestframework/report/image/20190624/191305.251.png, Spend 0.4937562942504883 seconds
2019-06-24 19:13:05,829 - root - INFO - SUCCESS    Closed all window and quit the driver, Spend 0.08356356620788574 seconds
2019-06-24 19:13:05,829 - root - INFO - ###############################  End  ###############################
2019-06-24 19:13:05,830 - root - INFO - ############################### START ###############################
2019-06-24 19:13:07,699 - root - INFO - SUCCESS    Start a new browser: chrome, Spend 1.868420124053955 seconds
2019-06-24 19:13:07,844 - root - INFO - SUCCESS    Set browser window maximized, Spend 0.14441490173339844 seconds
2019-06-24 19:13:08,750 - root - INFO - SUCCESS    Navigated to http://192.168.0.223:9001/#/login, Spend 0.9033129215240479 seconds
2019-06-24 19:13:08,942 - root - INFO - SUCCESS    Clear and type element: <xpath->//div//input[@type="text"]> content: zhanghaoyu1, Spend 0.1915299892425537 seconds
2019-06-24 19:13:09,061 - root - INFO - SUCCESS    Clear and type element: <xpath->//div//input[@placeholder="请输入密码"]> content: Zhy33821551, Spend 0.11876797676086426 seconds
2019-06-24 19:13:09,127 - root - INFO - SUCCESS    Clicked element: <xpath->//button//span[text()="登录"]>, Spend 0.0649569034576416 seconds
2019-06-24 19:13:11,800 - root - INFO - SUCCESS    Get the current window screenshot,path: /Users/zhy/github/UItestframework/report/image/20190624/191311.147.png, Spend 0.6537139415740967 seconds
2019-06-24 19:13:11,885 - root - INFO - SUCCESS    Closed all window and quit the driver, Spend 0.08463191986083984 seconds
2019-06-24 19:13:11,886 - root - INFO - ###############################  End  ###############################
2019-06-24 19:17:59,410 - root - INFO - open /Users/zhy/github/UItestframework/data/testdata/LoginTestcase.xlsx success
2019-06-24 19:17:59,411 - root - INFO - ############################### START ###############################
2019-06-24 19:18:01,324 - root - INFO - SUCCESS    Start a new browser: chrome, Spend 1.9117980003356934 seconds
2019-06-24 19:18:01,467 - root - INFO - SUCCESS    Set browser window maximized, Spend 0.14270281791687012 seconds
2019-06-24 19:18:02,411 - root - INFO - SUCCESS    Navigated to http://192.168.0.223:9001/#/login, Spend 0.9420342445373535 seconds
2019-06-24 19:18:02,592 - root - INFO - SUCCESS    Clear and type element: <xpath->//div//input[@type="text"]> content: zhanghaoyu, Spend 0.18041086196899414 seconds
2019-06-24 19:18:02,714 - root - INFO - SUCCESS    Clear and type element: <xpath->//div//input[@placeholder="请输入密码"]> content: Zhy3382155, Spend 0.12147712707519531 seconds
2019-06-24 19:18:02,798 - root - INFO - SUCCESS    Clicked element: <xpath->//button//span[text()="登录"]>, Spend 0.08366894721984863 seconds
2019-06-24 19:18:04,909 - root - INFO - SUCCESS    Closed all window and quit the driver, Spend 0.08233380317687988 seconds
2019-06-24 19:18:04,909 - root - INFO - ###############################  End  ###############################
2019-06-24 19:18:04,910 - root - INFO - ############################### START ###############################
2019-06-24 19:18:06,786 - root - INFO - SUCCESS    Start a new browser: chrome, Spend 1.8750483989715576 seconds
2019-06-24 19:18:06,934 - root - INFO - SUCCESS    Set browser window maximized, Spend 0.14738821983337402 seconds
2019-06-24 19:18:07,917 - root - INFO - SUCCESS    Navigated to http://192.168.0.223:9001/#/login, Spend 0.9813148975372314 seconds
2019-06-24 19:18:08,104 - root - INFO - SUCCESS    Clear and type element: <xpath->//div//input[@type="text"]> content: zhanghaoyu1, Spend 0.18654203414916992 seconds
2019-06-24 19:18:08,228 - root - INFO - SUCCESS    Clear and type element: <xpath->//div//input[@placeholder="请输入密码"]> content: Zhy33821551, Spend 0.1229848861694336 seconds
2019-06-24 19:18:08,309 - root - INFO - SUCCESS    Clicked element: <xpath->//button//span[text()="登录"]>, Spend 0.08050203323364258 seconds
2019-06-24 19:18:10,985 - root - INFO - SUCCESS    Get the current window screenshot,path: /Users/zhy/github/UItestframework/report/image/20190624/191810.329.png, Spend 0.6562860012054443 seconds
2019-06-24 19:18:11,065 - root - INFO - SUCCESS    Closed all window and quit the driver, Spend 0.07873988151550293 seconds
2019-06-24 19:18:11,065 - root - INFO - ###############################  End  ###############################
